<?xml version="1.0" encoding="UTF-8"?>
<testsuite name="cn.byronlab.weather.domain.usecase.DeleteSavedCityUseCaseTest" tests="4" skipped="0" failures="0" errors="0" timestamp="2026-06-26T09:31:12.070Z" hostname="byrondeMacBook-Pro.local" time="0.002">
  <properties/>
  <testcase name="blankCityIdReturnsInvalidInput" classname="cn.byronlab.weather.domain.usecase.DeleteSavedCityUseCaseTest" time="0.001"/>
  <testcase name="deletingCurrentCitySwitchesToFirstRemainingCity" classname="cn.byronlab.weather.domain.usecase.DeleteSavedCityUseCaseTest" time="0.0"/>
  <testcase name="deletingNonCurrentCityDoesNotChangeCurrentCity" classname="cn.byronlab.weather.domain.usecase.DeleteSavedCityUseCaseTest" time="0.0"/>
  <testcase name="deletingLastCurrentCityClearsCurrentCity" classname="cn.byronlab.weather.domain.usecase.DeleteSavedCityUseCaseTest" time="0.0"/>
  <system-out><![CDATA[]]></system-out>
  <system-err><![CDATA[]]></system-err>
</testsuite>
